<?xml version="1.0" encoding="UTF-8"?>
<!-- Generated by org.testng.reporters.JUnitReportReporter -->
<testsuite skipped="0" hostname="CHEV-0164LHL-LX" name="tests.LoginTests" tests="1" failures="0" timestamp="2022-10-11T19:22:04 GMT+08:00" time="5.925" errors="0">
  <testcase name="invalidUserName" time="5.925" classname="tests.LoginTests"/>
  <system-out/>
</testsuite> <!-- tests.LoginTests -->
